<testsuite name="Mocha Tests" tests="2" failures="0" errors="0" skipped="0" timestamp="Fri, 10 Nov 2017 11:40:29 GMT" time="0.007">
<testcase classname="Testing DB Functions" name="Config object construction" time="0.002"/>
<testcase classname="Testing DB Functions" name="Config.getRaw should load config file" time="0.002"/>
</testsuite>
